2021-05-06 02:45:21.352  INFO 776 --- [main] .w.NamedParameterJdbcTemplateApplication : Starting NamedParameterJdbcTemplateApplication using Java 11.0.10 on HP with PID 776 (D:\Programs\Java\Spring-Boot-2\JDBC\NamedParameterJdbcTemplate\bin\main started by SRIKANTH in D:\Programs\Java\Spring-Boot-2\JDBC\NamedParameterJdbcTemplate)
2021-05-06 02:45:21.368  INFO 776 --- [main] .w.NamedParameterJdbcTemplateApplication : No active profile set, falling back to default profiles: default
2021-05-06 02:45:25.684  INFO 776 --- [main] o.s.b.w.embedded.tomcat.TomcatWebServer  : Tomcat initialized with port(s): 2021 (http)
2021-05-06 02:45:25.710  INFO 776 --- [main] o.apache.catalina.core.StandardService   : Starting service [Tomcat]
2021-05-06 02:45:25.710  INFO 776 --- [main] org.apache.catalina.core.StandardEngine  : Starting Servlet engine: [Apache Tomcat/9.0.45]
2021-05-06 02:45:26.413  INFO 776 --- [main] org.apache.jasper.servlet.TldScanner     : At least one JAR was scanned for TLDs yet contained no TLDs. Enable debug logging for this logger for a complete list of JARs that were scanned but no TLDs were found in them. Skipping unneeded JARs during scanning can improve startup time and JSP compilation time.
2021-05-06 02:45:26.444  INFO 776 --- [main] o.a.c.c.C.[Tomcat].[localhost].[/]       : Initializing Spring embedded WebApplicationContext
2021-05-06 02:45:26.444  INFO 776 --- [main] w.s.c.ServletWebServerApplicationContext : Root WebApplicationContext: initialization completed in 4842 ms
2021-05-06 02:45:27.921  INFO 776 --- [main] o.s.s.concurrent.ThreadPoolTaskExecutor  : Initializing ExecutorService 'applicationTaskExecutor'
2021-05-06 02:45:30.202  INFO 776 --- [main] o.s.b.a.e.web.EndpointLinksResolver      : Exposing 2 endpoint(s) beneath base path '/actuator'
2021-05-06 02:45:30.397  INFO 776 --- [main] o.s.b.w.embedded.tomcat.TomcatWebServer  : Tomcat started on port(s): 2021 (http) with context path ''
2021-05-06 02:45:30.475  INFO 776 --- [main] .w.NamedParameterJdbcTemplateApplication : Started NamedParameterJdbcTemplateApplication in 10.356 seconds (JVM running for 13.876)
2021-05-06 02:47:05.451  INFO 776 --- [http-nio-2021-exec-1] o.a.c.c.C.[Tomcat].[localhost].[/]       : Initializing Spring DispatcherServlet 'dispatcherServlet'
2021-05-06 02:47:05.469  INFO 776 --- [http-nio-2021-exec-1] o.s.web.servlet.DispatcherServlet        : Initializing Servlet 'dispatcherServlet'
2021-05-06 02:47:05.469  INFO 776 --- [http-nio-2021-exec-1] o.s.web.servlet.DispatcherServlet        : Completed initialization in 0 ms
2021-05-06 02:47:08.019  WARN 776 --- [http-nio-2021-exec-1] o.a.c.util.SessionIdGeneratorBase        : Creation of SecureRandom instance for session ID generation using [SHA1PRNG] took [520] milliseconds.
2021-05-06 02:47:27.610 TRACE 776 --- [http-nio-2021-exec-2] o.s.t.i.TransactionInterceptor           : Getting transaction for [com.winners.dao.CustomerDaoImpl.getAverageCustomerAge]
2021-05-06 02:47:27.807 TRACE 776 --- [http-nio-2021-exec-2] o.s.t.i.TransactionInterceptor           : Completing transaction for [com.winners.dao.CustomerDaoImpl.getAverageCustomerAge]
2021-05-06 02:48:13.949  INFO 776 --- [RMI TCP Connection(2)-127.0.0.1] inMXBeanRegistrar$SpringApplicationAdmin : Application shutdown requested.
2021-05-06 02:48:14.520  INFO 776 --- [RMI TCP Connection(2)-127.0.0.1] o.s.s.concurrent.ThreadPoolTaskExecutor  : Shutting down ExecutorService 'applicationTaskExecutor'
2021-05-06 02:48:26.905  INFO 4948 --- [main] .w.NamedParameterJdbcTemplateApplication : Starting NamedParameterJdbcTemplateApplication using Java 11.0.10 on HP with PID 4948 (D:\Programs\Java\Spring-Boot-2\JDBC\NamedParameterJdbcTemplate\bin\main started by SRIKANTH in D:\Programs\Java\Spring-Boot-2\JDBC\NamedParameterJdbcTemplate)
2021-05-06 02:48:26.921  INFO 4948 --- [main] .w.NamedParameterJdbcTemplateApplication : No active profile set, falling back to default profiles: default
2021-05-06 02:48:31.233  INFO 4948 --- [main] o.s.b.w.embedded.tomcat.TomcatWebServer  : Tomcat initialized with port(s): 2021 (http)
2021-05-06 02:48:31.254  INFO 4948 --- [main] o.apache.catalina.core.StandardService   : Starting service [Tomcat]
2021-05-06 02:48:31.254  INFO 4948 --- [main] org.apache.catalina.core.StandardEngine  : Starting Servlet engine: [Apache Tomcat/9.0.45]
2021-05-06 02:48:31.957  INFO 4948 --- [main] org.apache.jasper.servlet.TldScanner     : At least one JAR was scanned for TLDs yet contained no TLDs. Enable debug logging for this logger for a complete list of JARs that were scanned but no TLDs were found in them. Skipping unneeded JARs during scanning can improve startup time and JSP compilation time.
2021-05-06 02:48:31.973  INFO 4948 --- [main] o.a.c.c.C.[Tomcat].[localhost].[/]       : Initializing Spring embedded WebApplicationContext
2021-05-06 02:48:31.973  INFO 4948 --- [main] w.s.c.ServletWebServerApplicationContext : Root WebApplicationContext: initialization completed in 4818 ms
2021-05-06 02:48:33.405  INFO 4948 --- [main] o.s.s.concurrent.ThreadPoolTaskExecutor  : Initializing ExecutorService 'applicationTaskExecutor'
2021-05-06 02:48:35.624  INFO 4948 --- [main] o.s.b.a.e.web.EndpointLinksResolver      : Exposing 2 endpoint(s) beneath base path '/actuator'
2021-05-06 02:48:35.825  INFO 4948 --- [main] o.s.b.w.embedded.tomcat.TomcatWebServer  : Tomcat started on port(s): 2021 (http) with context path ''
2021-05-06 02:48:35.904  INFO 4948 --- [main] .w.NamedParameterJdbcTemplateApplication : Started NamedParameterJdbcTemplateApplication in 10.453 seconds (JVM running for 13.762)
2021-05-06 02:48:44.072  INFO 4948 --- [http-nio-2021-exec-1] o.a.c.c.C.[Tomcat].[localhost].[/]       : Initializing Spring DispatcherServlet 'dispatcherServlet'
2021-05-06 02:48:44.079  INFO 4948 --- [http-nio-2021-exec-1] o.s.web.servlet.DispatcherServlet        : Initializing Servlet 'dispatcherServlet'
2021-05-06 02:48:44.087  INFO 4948 --- [http-nio-2021-exec-1] o.s.web.servlet.DispatcherServlet        : Completed initialization in 8 ms
2021-05-06 02:48:46.543  WARN 4948 --- [http-nio-2021-exec-1] o.a.c.util.SessionIdGeneratorBase        : Creation of SecureRandom instance for session ID generation using [SHA1PRNG] took [632] milliseconds.
2021-05-06 02:48:48.822 TRACE 4948 --- [http-nio-2021-exec-2] o.s.t.i.TransactionInterceptor           : Getting transaction for [com.winners.dao.CustomerDaoImpl.getAllCustomerIdNames]
2021-05-06 02:48:49.023 TRACE 4948 --- [http-nio-2021-exec-2] o.s.t.i.TransactionInterceptor           : Completing transaction for [com.winners.dao.CustomerDaoImpl.getAllCustomerIdNames]
2021-05-06 02:49:25.802  INFO 4948 --- [RMI TCP Connection(2)-127.0.0.1] inMXBeanRegistrar$SpringApplicationAdmin : Application shutdown requested.
2021-05-06 02:49:26.304  INFO 4948 --- [RMI TCP Connection(2)-127.0.0.1] o.s.s.concurrent.ThreadPoolTaskExecutor  : Shutting down ExecutorService 'applicationTaskExecutor'
